ERROR 2025-03-24 15:17:37,750 log 8344 18144 d:\Projekty\django_rpg_game\.venv\Lib\site-packages\django\utils\log.py:248 Internal Server Error: /api/accounts/login/
Traceback (most recent call last):
  File "d:\Projekty\django_rpg_game\.venv\Lib\site-packages\django\db\backends\utils.py", line 105, in _execute
    return self.cursor.execute(sql, params)
           ~~~~~~~~~~~~~~~~~~~^^^^^^^^^^^^^
psycopg2.errors.UndefinedTable: relation "users_customuser" does not exist
LINE 1: ...is_active", "users_customuser"."date_joined" FROM "users_cus...
                                                             ^


The above exception was the direct cause of the following exception:

Traceback (most recent call last):
  File "d:\Projekty\django_rpg_game\.venv\Lib\site-packages\asgiref\sync.py", line 518, in thread_handler
    raise exc_info[1]
  File "d:\Projekty\django_rpg_game\.venv\Lib\site-packages\django\core\handlers\exception.py", line 42, in inner
    response = await get_response(request)
               ^^^^^^^^^^^^^^^^^^^^^^^^^^^
  File "d:\Projekty\django_rpg_game\.venv\Lib\site-packages\asgiref\sync.py", line 518, in thread_handler
    raise exc_info[1]
  File "d:\Projekty\django_rpg_game\.venv\Lib\site-packages\django\core\handlers\base.py", line 253, in _get_response_async
    response = await wrapped_callback(
               ^^^^^^^^^^^^^^^^^^^^^^^
        request, *callback_args, **callback_kwargs
        ^^^^^^^^^^^^^^^^^^^^^^^^^^^^^^^^^^^^^^^^^^
    )
    ^
  File "d:\Projekty\django_rpg_game\.venv\Lib\site-packages\asgiref\sync.py", line 468, in __call__
    ret = await asyncio.shield(exec_coro)
          ^^^^^^^^^^^^^^^^^^^^^^^^^^^^^^^
  File "C:\Users\marci\AppData\Local\Programs\Python\Python313\Lib\concurrent\futures\thread.py", line 59, in run
    result = self.fn(*self.args, **self.kwargs)
  File "d:\Projekty\django_rpg_game\.venv\Lib\site-packages\asgiref\sync.py", line 522, in thread_handler
    return func(*args, **kwargs)
  File "d:\Projekty\django_rpg_game\.venv\Lib\site-packages\django\views\decorators\csrf.py", line 65, in _view_wrapper
    return view_func(request, *args, **kwargs)
  File "d:\Projekty\django_rpg_game\.venv\Lib\site-packages\django\views\generic\base.py", line 104, in view
    return self.dispatch(request, *args, **kwargs)
           ~~~~~~~~~~~~~^^^^^^^^^^^^^^^^^^^^^^^^^^
  File "d:\Projekty\django_rpg_game\.venv\Lib\site-packages\rest_framework\views.py", line 509, in dispatch
    response = self.handle_exception(exc)
  File "d:\Projekty\django_rpg_game\.venv\Lib\site-packages\rest_framework\views.py", line 469, in handle_exception
    self.raise_uncaught_exception(exc)
    ~~~~~~~~~~~~~~~~~~~~~~~~~~~~~^^^^^
  File "d:\Projekty\django_rpg_game\.venv\Lib\site-packages\rest_framework\views.py", line 480, in raise_uncaught_exception
    raise exc
  File "d:\Projekty\django_rpg_game\.venv\Lib\site-packages\rest_framework\views.py", line 506, in dispatch
    response = handler(request, *args, **kwargs)
  File "D:\Projekty\django_rpg_game\backend\accounts\users\views.py", line 31, in post
    if serializer.is_valid():
       ~~~~~~~~~~~~~~~~~~~^^
  File "d:\Projekty\django_rpg_game\.venv\Lib\site-packages\rest_framework\serializers.py", line 223, in is_valid
    self._validated_data = self.run_validation(self.initial_data)
                           ~~~~~~~~~~~~~~~~~~~^^^^^^^^^^^^^^^^^^^
  File "d:\Projekty\django_rpg_game\.venv\Lib\site-packages\rest_framework\serializers.py", line 445, in run_validation
    value = self.validate(value)
  File "D:\Projekty\django_rpg_game\backend\accounts\users\serializers.py", line 27, in validate
    user = User.objects.filter(username=username).first()
  File "d:\Projekty\django_rpg_game\.venv\Lib\site-packages\django\db\models\query.py", line 1097, in first
    for obj in queryset[:1]:
               ~~~~~~~~^^^^
  File "d:\Projekty\django_rpg_game\.venv\Lib\site-packages\django\db\models\query.py", line 400, in __iter__
    self._fetch_all()
    ~~~~~~~~~~~~~~~^^
  File "d:\Projekty\django_rpg_game\.venv\Lib\site-packages\django\db\models\query.py", line 1928, in _fetch_all
    self._result_cache = list(self._iterable_class(self))
                         ~~~~^^^^^^^^^^^^^^^^^^^^^^^^^^^^
  File "d:\Projekty\django_rpg_game\.venv\Lib\site-packages\django\db\models\query.py", line 91, in __iter__
    results = compiler.execute_sql(
        chunked_fetch=self.chunked_fetch, chunk_size=self.chunk_size
    )
  File "d:\Projekty\django_rpg_game\.venv\Lib\site-packages\django\db\models\sql\compiler.py", line 1574, in execute_sql
    cursor.execute(sql, params)
    ~~~~~~~~~~~~~~^^^^^^^^^^^^^
  File "d:\Projekty\django_rpg_game\.venv\Lib\site-packages\django\db\backends\utils.py", line 122, in execute
    return super().execute(sql, params)
           ~~~~~~~~~~~~~~~^^^^^^^^^^^^^
  File "d:\Projekty\django_rpg_game\.venv\Lib\site-packages\django\db\backends\utils.py", line 79, in execute
    return self._execute_with_wrappers(
           ~~~~~~~~~~~~~~~~~~~~~~~~~~~^
        sql, params, many=False, executor=self._execute
        ^^^^^^^^^^^^^^^^^^^^^^^^^^^^^^^^^^^^^^^^^^^^^^^
    )
    ^
  File "d:\Projekty\django_rpg_game\.venv\Lib\site-packages\django\db\backends\utils.py", line 92, in _execute_with_wrappers
    return executor(sql, params, many, context)
  File "d:\Projekty\django_rpg_game\.venv\Lib\site-packages\django\db\backends\utils.py", line 100, in _execute
    with self.db.wrap_database_errors:
         ^^^^^^^^^^^^^^^^^^^^^^^^^^^^
  File "d:\Projekty\django_rpg_game\.venv\Lib\site-packages\django\db\utils.py", line 91, in __exit__
    raise dj_exc_value.with_traceback(traceback) from exc_value
  File "d:\Projekty\django_rpg_game\.venv\Lib\site-packages\django\db\backends\utils.py", line 105, in _execute
    return self.cursor.execute(sql, params)
           ~~~~~~~~~~~~~~~~~~~^^^^^^^^^^^^^
django.db.utils.ProgrammingError: relation "users_customuser" does not exist
LINE 1: ...is_active", "users_customuser"."date_joined" FROM "users_cus...
                                                             ^

ERROR 2025-03-24 15:17:38,580 log 8344 18144 d:\Projekty\django_rpg_game\.venv\Lib\site-packages\django\utils\log.py:248 Internal Server Error: /api/accounts/login/
Traceback (most recent call last):
  File "d:\Projekty\django_rpg_game\.venv\Lib\site-packages\django\db\backends\utils.py", line 105, in _execute
    return self.cursor.execute(sql, params)
           ~~~~~~~~~~~~~~~~~~~^^^^^^^^^^^^^
psycopg2.errors.UndefinedTable: relation "users_customuser" does not exist
LINE 1: ...is_active", "users_customuser"."date_joined" FROM "users_cus...
                                                             ^


The above exception was the direct cause of the following exception:

Traceback (most recent call last):
  File "d:\Projekty\django_rpg_game\.venv\Lib\site-packages\asgiref\sync.py", line 518, in thread_handler
    raise exc_info[1]
  File "d:\Projekty\django_rpg_game\.venv\Lib\site-packages\django\core\handlers\exception.py", line 42, in inner
    response = await get_response(request)
               ^^^^^^^^^^^^^^^^^^^^^^^^^^^
  File "d:\Projekty\django_rpg_game\.venv\Lib\site-packages\asgiref\sync.py", line 518, in thread_handler
    raise exc_info[1]
  File "d:\Projekty\django_rpg_game\.venv\Lib\site-packages\django\core\handlers\base.py", line 253, in _get_response_async
    response = await wrapped_callback(
               ^^^^^^^^^^^^^^^^^^^^^^^
        request, *callback_args, **callback_kwargs
        ^^^^^^^^^^^^^^^^^^^^^^^^^^^^^^^^^^^^^^^^^^
    )
    ^
  File "d:\Projekty\django_rpg_game\.venv\Lib\site-packages\asgiref\sync.py", line 468, in __call__
    ret = await asyncio.shield(exec_coro)
          ^^^^^^^^^^^^^^^^^^^^^^^^^^^^^^^
  File "C:\Users\marci\AppData\Local\Programs\Python\Python313\Lib\concurrent\futures\thread.py", line 59, in run
    result = self.fn(*self.args, **self.kwargs)
  File "d:\Projekty\django_rpg_game\.venv\Lib\site-packages\asgiref\sync.py", line 522, in thread_handler
    return func(*args, **kwargs)
  File "d:\Projekty\django_rpg_game\.venv\Lib\site-packages\django\views\decorators\csrf.py", line 65, in _view_wrapper
    return view_func(request, *args, **kwargs)
  File "d:\Projekty\django_rpg_game\.venv\Lib\site-packages\django\views\generic\base.py", line 104, in view
    return self.dispatch(request, *args, **kwargs)
           ~~~~~~~~~~~~~^^^^^^^^^^^^^^^^^^^^^^^^^^
  File "d:\Projekty\django_rpg_game\.venv\Lib\site-packages\rest_framework\views.py", line 509, in dispatch
    response = self.handle_exception(exc)
  File "d:\Projekty\django_rpg_game\.venv\Lib\site-packages\rest_framework\views.py", line 469, in handle_exception
    self.raise_uncaught_exception(exc)
    ~~~~~~~~~~~~~~~~~~~~~~~~~~~~~^^^^^
  File "d:\Projekty\django_rpg_game\.venv\Lib\site-packages\rest_framework\views.py", line 480, in raise_uncaught_exception
    raise exc
  File "d:\Projekty\django_rpg_game\.venv\Lib\site-packages\rest_framework\views.py", line 506, in dispatch
    response = handler(request, *args, **kwargs)
  File "D:\Projekty\django_rpg_game\backend\accounts\users\views.py", line 31, in post
    if serializer.is_valid():
       ~~~~~~~~~~~~~~~~~~~^^
  File "d:\Projekty\django_rpg_game\.venv\Lib\site-packages\rest_framework\serializers.py", line 223, in is_valid
    self._validated_data = self.run_validation(self.initial_data)
                           ~~~~~~~~~~~~~~~~~~~^^^^^^^^^^^^^^^^^^^
  File "d:\Projekty\django_rpg_game\.venv\Lib\site-packages\rest_framework\serializers.py", line 445, in run_validation
    value = self.validate(value)
  File "D:\Projekty\django_rpg_game\backend\accounts\users\serializers.py", line 27, in validate
    user = User.objects.filter(username=username).first()
  File "d:\Projekty\django_rpg_game\.venv\Lib\site-packages\django\db\models\query.py", line 1097, in first
    for obj in queryset[:1]:
               ~~~~~~~~^^^^
  File "d:\Projekty\django_rpg_game\.venv\Lib\site-packages\django\db\models\query.py", line 400, in __iter__
    self._fetch_all()
    ~~~~~~~~~~~~~~~^^
  File "d:\Projekty\django_rpg_game\.venv\Lib\site-packages\django\db\models\query.py", line 1928, in _fetch_all
    self._result_cache = list(self._iterable_class(self))
                         ~~~~^^^^^^^^^^^^^^^^^^^^^^^^^^^^
  File "d:\Projekty\django_rpg_game\.venv\Lib\site-packages\django\db\models\query.py", line 91, in __iter__
    results = compiler.execute_sql(
        chunked_fetch=self.chunked_fetch, chunk_size=self.chunk_size
    )
  File "d:\Projekty\django_rpg_game\.venv\Lib\site-packages\django\db\models\sql\compiler.py", line 1574, in execute_sql
    cursor.execute(sql, params)
    ~~~~~~~~~~~~~~^^^^^^^^^^^^^
  File "d:\Projekty\django_rpg_game\.venv\Lib\site-packages\django\db\backends\utils.py", line 122, in execute
    return super().execute(sql, params)
           ~~~~~~~~~~~~~~~^^^^^^^^^^^^^
  File "d:\Projekty\django_rpg_game\.venv\Lib\site-packages\django\db\backends\utils.py", line 79, in execute
    return self._execute_with_wrappers(
           ~~~~~~~~~~~~~~~~~~~~~~~~~~~^
        sql, params, many=False, executor=self._execute
        ^^^^^^^^^^^^^^^^^^^^^^^^^^^^^^^^^^^^^^^^^^^^^^^
    )
    ^
  File "d:\Projekty\django_rpg_game\.venv\Lib\site-packages\django\db\backends\utils.py", line 92, in _execute_with_wrappers
    return executor(sql, params, many, context)
  File "d:\Projekty\django_rpg_game\.venv\Lib\site-packages\django\db\backends\utils.py", line 100, in _execute
    with self.db.wrap_database_errors:
         ^^^^^^^^^^^^^^^^^^^^^^^^^^^^
  File "d:\Projekty\django_rpg_game\.venv\Lib\site-packages\django\db\utils.py", line 91, in __exit__
    raise dj_exc_value.with_traceback(traceback) from exc_value
  File "d:\Projekty\django_rpg_game\.venv\Lib\site-packages\django\db\backends\utils.py", line 105, in _execute
    return self.cursor.execute(sql, params)
           ~~~~~~~~~~~~~~~~~~~^^^^^^^^^^^^^
django.db.utils.ProgrammingError: relation "users_customuser" does not exist
LINE 1: ...is_active", "users_customuser"."date_joined" FROM "users_cus...
                                                             ^

ERROR 2025-03-24 14:22:10,823 views 2864 140077034510016 /mnt/d/Projekty/django_rpg_game/backend/accounts/users/views.py:42 BÅ‚Ä…d walidacji logowania: {'non_field_errors': [ErrorDetail(string='Invalid credentials', code='invalid')]}
ERROR 2025-03-24 14:22:10,940 views 2864 140077034510016 /mnt/d/Projekty/django_rpg_game/backend/accounts/users/views.py:42 BÅ‚Ä…d walidacji logowania: {'non_field_errors': [ErrorDetail(string='Invalid credentials', code='invalid')]}
ERROR 2025-03-24 14:31:50,494 views 2917 139662071977664 /mnt/d/Projekty/django_rpg_game/backend/accounts/users/views.py:35 BÅ‚Ä…d walidacji logowania: {'non_field_errors': [ErrorDetail(string='NieprawidÅ‚owe dane logowania', code='invalid')]}
ERROR 2025-03-24 14:33:24,159 serializers 2943 140152671028928 /mnt/d/Projekty/django_rpg_game/backend/accounts/users/serializers.py:51 Nie znaleziono uÅ¼ytkownika: marpot
ERROR 2025-03-24 14:33:24,162 views 2943 140152671028928 /mnt/d/Projekty/django_rpg_game/backend/accounts/users/views.py:37 BÅ‚Ä…d walidacji logowania: {'non_field_errors': [ErrorDetail(string='NieprawidÅ‚owe dane logowania', code='invalid')]}
ERROR 2025-03-24 14:33:24,165 views 2943 140152671028928 /mnt/d/Projekty/django_rpg_game/backend/accounts/users/views.py:38 SzczegÃ³Å‚y bÅ‚Ä™du: {'required': 'This field is required.', 'null': 'This field may not be null.', 'invalid': 'Invalid data. Expected a dictionary, but got {datatype}.'}
ERROR 2025-03-24 15:49:47,437 serializers 3228 140480296187584 /mnt/d/Projekty/django_rpg_game/backend/accounts/users/serializers.py:51 Nie znaleziono uÅ¼ytkownika: marpot
ERROR 2025-03-24 15:49:47,459 views 3228 140480296187584 /mnt/d/Projekty/django_rpg_game/backend/accounts/users/views.py:40 BÅ‚Ä…d walidacji logowania: {'non_field_errors': [ErrorDetail(string='NieprawidÅ‚owe dane logowania', code='invalid')]}
ERROR 2025-03-24 15:49:47,462 views 3228 140480296187584 /mnt/d/Projekty/django_rpg_game/backend/accounts/users/views.py:41 SzczegÃ³Å‚y bÅ‚Ä™du: {'required': 'This field is required.', 'null': 'This field may not be null.', 'invalid': 'Invalid data. Expected a dictionary, but got {datatype}.'}
ERROR 2025-03-24 16:09:01,097 serializers 3546 140001919116992 /mnt/d/Projekty/django_rpg_game/backend/chat/serializers.py:24 BÅ‚Ä…d w to_internal_value: {'adventure': [ErrorDetail(string='This field may not be null.', code='null')]}
ERROR 2025-03-24 17:44:07,343 serializers 11828 9680 D:\Projekty\django_rpg_game\backend\accounts\users\serializers.py:51 Nie znaleziono u¿ytkownika: wronguser
ERROR 2025-03-24 17:44:07,343 views 11828 9680 D:\Projekty\django_rpg_game\backend\accounts\users\views.py:40 B³¹d walidacji logowania: {'non_field_errors': [ErrorDetail(string='Nieprawid³owe dane logowania', code='invalid')]}
ERROR 2025-03-24 17:44:07,343 views 11828 9680 D:\Projekty\django_rpg_game\backend\accounts\users\views.py:41 Szczegó³y b³êdu: {'required': 'This field is required.', 'null': 'This field may not be null.', 'invalid': 'Invalid data. Expected a dictionary, but got {datatype}.'}
ERROR 2025-03-24 17:45:20,189 serializers 1096 16448 D:\Projekty\django_rpg_game\backend\accounts\users\serializers.py:51 Nie znaleziono u¿ytkownika: wronguser
ERROR 2025-03-24 17:45:20,189 views 1096 16448 D:\Projekty\django_rpg_game\backend\accounts\users\views.py:40 B³¹d walidacji logowania: {'non_field_errors': [ErrorDetail(string='No active account found with the given credentials', code='invalid')]}
ERROR 2025-03-24 17:45:20,189 views 1096 16448 D:\Projekty\django_rpg_game\backend\accounts\users\views.py:41 Szczegó³y b³êdu: {'required': 'This field is required.', 'null': 'This field may not be null.', 'invalid': 'Invalid data. Expected a dictionary, but got {datatype}.'}
ERROR 2025-03-24 17:45:39,389 serializers 12536 10652 D:\Projekty\django_rpg_game\backend\accounts\users\serializers.py:51 Nie znaleziono u¿ytkownika: wronguser
ERROR 2025-03-24 17:45:39,389 views 12536 10652 D:\Projekty\django_rpg_game\backend\accounts\users\views.py:40 B³¹d walidacji logowania: {'non_field_errors': [ErrorDetail(string='No active account found with the given credentials', code='invalid')]}
ERROR 2025-03-24 17:45:39,390 views 12536 10652 D:\Projekty\django_rpg_game\backend\accounts\users\views.py:41 Szczegó³y b³êdu: {'required': 'This field is required.', 'null': 'This field may not be null.', 'invalid': 'Invalid data. Expected a dictionary, but got {datatype}.'}
ERROR 2025-03-24 16:46:13,025 serializers 3546 140000742065856 /mnt/d/Projekty/django_rpg_game/backend/accounts/users/serializers.py:51 Nie znaleziono uÅ¼ytkownika: marpot
ERROR 2025-03-24 16:46:13,029 views 3546 140000742065856 /mnt/d/Projekty/django_rpg_game/backend/accounts/users/views.py:40 BÅ‚Ä…d walidacji logowania: {'non_field_errors': [ErrorDetail(string='NieprawidÅ‚owe dane logowania', code='invalid')]}
ERROR 2025-03-24 16:46:13,032 views 3546 140000742065856 /mnt/d/Projekty/django_rpg_game/backend/accounts/users/views.py:41 SzczegÃ³Å‚y bÅ‚Ä™du: {'required': 'This field is required.', 'null': 'This field may not be null.', 'invalid': 'Invalid data. Expected a dictionary, but got {datatype}.'}
ERROR 2025-03-24 16:46:51,081 serializers 4096 139712032429760 /mnt/d/Projekty/django_rpg_game/backend/accounts/users/serializers.py:51 Nie znaleziono uÅ¼ytkownika: marpot
ERROR 2025-03-24 16:46:51,084 views 4096 139712032429760 /mnt/d/Projekty/django_rpg_game/backend/accounts/users/views.py:40 BÅ‚Ä…d walidacji logowania: {'non_field_errors': [ErrorDetail(string='No active account found with the given credentials', code='invalid')]}
ERROR 2025-03-24 16:46:51,086 views 4096 139712032429760 /mnt/d/Projekty/django_rpg_game/backend/accounts/users/views.py:41 SzczegÃ³Å‚y bÅ‚Ä™du: {'required': 'This field is required.', 'null': 'This field may not be null.', 'invalid': 'Invalid data. Expected a dictionary, but got {datatype}.'}
